<?xml version="1.0" encoding="UTF-8"?>
<!-- Generated by org.testng.reporters.JUnitReportReporter -->
<testsuite hostname="LAPTOP-VHN20HQL" failures="0" tests="2" name="com.MyStore.Test_Cases.TC_Verify_Buy_Product_TestCase" time="38.185" errors="0" timestamp="2025-01-10T16:21:54 IST" skipped="0">
  <testcase classname="com.MyStore.Test_Cases.TC_Verify_Buy_Product_TestCase" name="verifyBuyProduct" time="32.584"/>
  <system-out/>
  <testcase classname="com.MyStore.Test_Cases.TC_Verify_Buy_Product_TestCase" name="VerifySignOut" time="5.601"/>
  <system-out/>
</testsuite> <!-- com.MyStore.Test_Cases.TC_Verify_Buy_Product_TestCase -->
